2026-06-28T15:31:12.628+05:45  INFO 168705 --- [ecommerce] [main] c.myapp.ecommerce.EcommerceApplication   : Starting EcommerceApplication using Java 21.0.10 with PID 168705 (/home/aashish/Projects/ecommerce/ecommerce/target/classes started by aashish in /home/aashish/Projects/ecommerce/ecommerce)
2026-06-28T15:31:12.636+05:45  INFO 168705 --- [ecommerce] [main] c.myapp.ecommerce.EcommerceApplication   : No active profile set, falling back to 1 default profile: "default"
2026-06-28T15:31:13.514+05:45  INFO 168705 --- [ecommerce] [main] .s.d.r.c.RepositoryConfigurationDelegate : Bootstrapping Spring Data JPA repositories in DEFAULT mode.
2026-06-28T15:31:13.582+05:45  INFO 168705 --- [ecommerce] [main] .s.d.r.c.RepositoryConfigurationDelegate : Finished Spring Data repository scanning in 56 ms. Found 5 JPA repository interfaces.
2026-06-28T15:31:14.352+05:45  INFO 168705 --- [ecommerce] [main] o.s.boot.tomcat.TomcatWebServer          : Tomcat initialized with port 8080 (http)
2026-06-28T15:31:14.371+05:45  INFO 168705 --- [ecommerce] [main] o.apache.catalina.core.StandardService   : Starting service [Tomcat]
2026-06-28T15:31:14.372+05:45  INFO 168705 --- [ecommerce] [main] o.apache.catalina.core.StandardEngine    : Starting Servlet engine: [Apache Tomcat/11.0.21]
2026-06-28T15:31:14.424+05:45  INFO 168705 --- [ecommerce] [main] b.w.c.s.WebApplicationContextInitializer : Root WebApplicationContext: initialization completed in 1703 ms
2026-06-28T15:31:14.676+05:45  INFO 168705 --- [ecommerce] [main] org.hibernate.orm.jpa                    : HHH008540: Processing PersistenceUnitInfo [name: default]
2026-06-28T15:31:14.793+05:45  INFO 168705 --- [ecommerce] [main] org.hibernate.orm.core                   : HHH000001: Hibernate ORM core version 7.2.12.Final
2026-06-28T15:31:15.379+05:45  INFO 168705 --- [ecommerce] [main] o.s.o.j.p.SpringPersistenceUnitInfo      : No LoadTimeWeaver setup: ignoring JPA class transformer
2026-06-28T15:31:15.440+05:45  INFO 168705 --- [ecommerce] [main] com.zaxxer.hikari.HikariDataSource       : HikariPool-1 - Starting...
2026-06-28T15:31:16.255+05:45  INFO 168705 --- [ecommerce] [main] com.zaxxer.hikari.pool.HikariPool        : HikariPool-1 - Added connection org.postgresql.jdbc.PgConnection@4fd3b20a
2026-06-28T15:31:16.260+05:45  INFO 168705 --- [ecommerce] [main] com.zaxxer.hikari.HikariDataSource       : HikariPool-1 - Start completed.
2026-06-28T15:31:16.418+05:45  INFO 168705 --- [ecommerce] [main] org.hibernate.orm.connections.pooling    : HHH10001005: Database info:
	Database JDBC URL [jdbc:postgresql://localhost:5432/ecommerce_db]
	Database driver: PostgreSQL JDBC Driver
	Database dialect: PostgreSQLDialect
	Database version: 14.23
	Default catalog/schema: ecommerce_db/public
	Autocommit mode: undefined/unknown
	Isolation level: READ_COMMITTED [default READ_COMMITTED]
	JDBC fetch size: none
	Pool: DataSourceConnectionProvider
	Minimum pool size: undefined/unknown
	Maximum pool size: undefined/unknown
2026-06-28T15:31:18.551+05:45  INFO 168705 --- [ecommerce] [main] org.hibernate.orm.core                   : HHH000489: No JTA platform available (set 'hibernate.transaction.jta.platform' to enable JTA platform integration)
2026-06-28T15:31:18.733+05:45  INFO 168705 --- [ecommerce] [main] j.LocalContainerEntityManagerFactoryBean : Initialized JPA EntityManagerFactory for persistence unit 'default'
2026-06-28T15:31:18.906+05:45  INFO 168705 --- [ecommerce] [main] o.s.d.j.r.query.QueryEnhancerFactories   : Hibernate is in classpath; If applicable, HQL parser will be used.
2026-06-28T15:31:19.324+05:45  WARN 168705 --- [ecommerce] [main] JpaBaseConfiguration$JpaWebConfiguration : spring.jpa.open-in-view is enabled by default. Therefore, database queries may be performed during view rendering. Explicitly configure spring.jpa.open-in-view to disable this warning
2026-06-28T15:31:19.720+05:45  INFO 168705 --- [ecommerce] [main] o.s.boot.tomcat.TomcatWebServer          : Tomcat started on port 8080 (http) with context path '/'
2026-06-28T15:31:19.726+05:45  INFO 168705 --- [ecommerce] [main] c.myapp.ecommerce.EcommerceApplication   : Started EcommerceApplication in 8.117 seconds (process running for 8.852)
2026-06-28T15:33:54.706+05:45  INFO 168705 --- [ecommerce] [http-nio-8080-exec-2] o.a.c.c.C.[Tomcat].[localhost].[/]       : Initializing Spring DispatcherServlet 'dispatcherServlet'
2026-06-28T15:33:54.707+05:45  INFO 168705 --- [ecommerce] [http-nio-8080-exec-2] o.s.web.servlet.DispatcherServlet        : Initializing Servlet 'dispatcherServlet'
2026-06-28T15:33:54.710+05:45  INFO 168705 --- [ecommerce] [http-nio-8080-exec-2] o.s.web.servlet.DispatcherServlet        : Completed initialization in 3 ms
2026-06-28T16:04:50.058+05:45  INFO 168705 --- [ecommerce] [SpringApplicationShutdownHook] o.s.boot.tomcat.GracefulShutdown         : Commencing graceful shutdown. Waiting for active requests to complete
2026-06-28T16:04:50.063+05:45  INFO 168705 --- [ecommerce] [tomcat-shutdown] o.s.boot.tomcat.GracefulShutdown         : Graceful shutdown complete
2026-06-28T16:04:50.068+05:45  INFO 168705 --- [ecommerce] [SpringApplicationShutdownHook] j.LocalContainerEntityManagerFactoryBean : Closing JPA EntityManagerFactory for persistence unit 'default'
2026-06-28T16:04:50.072+05:45  INFO 168705 --- [ecommerce] [SpringApplicationShutdownHook] com.zaxxer.hikari.HikariDataSource       : HikariPool-1 - Shutdown initiated...
2026-06-28T16:04:50.079+05:45  INFO 168705 --- [ecommerce] [SpringApplicationShutdownHook] com.zaxxer.hikari.HikariDataSource       : HikariPool-1 - Shutdown completed.
